<?xml version="1.0" encoding="UTF-8"?>
<!-- Generated by org.testng.reporters.JUnitReportReporter -->
<testsuite hostname="USDG-NY-MOHAMMED" failures="0" tests="1" name="testcases.TestUpsTrackingHomePage" time="16.850" errors="0" timestamp="23 Jan 2018 21:26:12 GMT" skipped="0">
  <testcase classname="testcases.TestUpsTrackingHomePage" name="testLogo" time="16.850"/>
</testsuite> <!-- testcases.TestUpsTrackingHomePage -->
