<?xml version="1.0" encoding="UTF-8"?>
<!-- Generated by org.testng.reporters.JUnitReportReporter -->
<testsuite hostname="USDG-NY-MOHAMMED" failures="0" tests="2" name="testcases.TestDropDownMenu" time="38.375" errors="0" timestamp="26 Jan 2018 20:14:03 GMT" skipped="0">
  <testcase classname="testcases.TestDropDownMenu" name="testDropDownMenu" time="17.658"/>
  <testcase classname="testcases.TestDropDownMenu" name="testMouseHover" time="20.717"/>
</testsuite> <!-- testcases.TestDropDownMenu -->
