<?xml version="1.0" encoding="UTF-8"?>
<!-- Generated by org.testng.reporters.JUnitReportReporter -->
<testsuite hostname="USDG-NY-MOHAMMED" failures="0" tests="4" name="testcases.TestSallieMaeBrowserPage" time="84.792" errors="0" timestamp="26 Jan 2018 20:16:07 GMT" skipped="0">
  <testcase classname="testcases.TestSallieMaeBrowserPage" name="testloginButton" time="21.064"/>
  <testcase classname="testcases.TestSallieMaeBrowserPage" name="testloginButton" time="20.724"/>
  <testcase classname="testcases.TestSallieMaeBrowserPage" name="testloginButton" time="21.162"/>
  <testcase classname="testcases.TestSallieMaeBrowserPage" name="testloginButton" time="21.842"/>
</testsuite> <!-- testcases.TestSallieMaeBrowserPage -->
