<?xml version="1.0" encoding="UTF-8"?>
<!-- Generated by org.testng.reporters.JUnitReportReporter -->
<testsuite hostname="USDG-NY-MOHAMMED" failures="0" tests="2" name="testcases.TestHomePage" time="31.597" errors="0" timestamp="26 Jan 2018 20:14:38 GMT" skipped="0">
  <testcase classname="testcases.TestHomePage" name="testLangChangeEnglishToChinese" time="16.107"/>
  <testcase classname="testcases.TestHomePage" name="testSearch" time="15.490"/>
</testsuite> <!-- testcases.TestHomePage -->
