<?xml version="1.0" encoding="UTF-8"?>
<!-- Generated by org.testng.reporters.JUnitReportReporter -->
<testsuite hostname="USDG-NY-MOHAMMED" failures="0" tests="2" name="testcases.TestMemberLogInPage2" time="0.000" errors="0" timestamp="13 Jan 2018 03:43:41 GMT" skipped="2">
  <testcase classname="testcases.TestMemberLogInPage2" name="testForgetPassword" time="0.000">
    <skipped/>
  </testcase> <!-- testForgetPassword -->
  <testcase classname="testcases.TestMemberLogInPage2" name="testMemberLogIn" time="0.000">
    <skipped/>
  </testcase> <!-- testMemberLogIn -->
</testsuite> <!-- testcases.TestMemberLogInPage2 -->
